[2025-01-06 15:19:46,171][flwr][WARNING] - 
Setting `min_available_clients` lower than `min_fit_clients` or
`min_evaluate_clients` can cause the server to fail when there are too few clients
connected to the server. `min_available_clients` must be set to a value larger
than or equal to the values of `min_fit_clients` and `min_evaluate_clients`.

[2025-01-06 15:19:46,173][flwr][WARNING] - DEPRECATED FEATURE: flwr.simulation.start_simulation() is deprecated.
	Instead, use the `flwr run` CLI command to start a local simulation in your Flower app, as shown for example below:

		$ flwr new  # Create a new Flower app from a template

		$ flwr run  # Run the Flower app in Simulation Mode

	Using `start_simulation()` is deprecated.

            This is a deprecated feature. It will be removed
            entirely in future versions of Flower.
        
[2025-01-06 15:19:46,179][flwr][INFO] - Starting Flower simulation, config: num_rounds=5, no round_timeout
[2025-01-06 15:19:51,157][flwr][INFO] - Flower VCE: Ray initialized with resources: {'node:127.0.0.1': 1.0, 'GPU': 1.0, 'CPU': 12.0, 'node:__internal_head__': 1.0, 'accelerator_type:G': 1.0, 'memory': 220095284.0, 'object_store_memory': 110047641.0}
[2025-01-06 15:19:51,158][flwr][INFO] - Optimize your simulation with Flower VCE: https://flower.ai/docs/framework/how-to-run-simulations.html
[2025-01-06 15:19:51,158][flwr][INFO] - No `client_resources` specified. Using minimal resources for clients.
[2025-01-06 15:19:51,158][flwr][INFO] - Flower VCE: Resources for each Virtual Client: {'num_cpus': 1, 'num_gpus': 0.0}
[2025-01-06 15:19:51,172][flwr][INFO] - Flower VCE: Creating VirtualClientEngineActorPool with 12 actors
[2025-01-06 15:19:51,173][flwr][INFO] - [INIT]
[2025-01-06 15:19:51,173][flwr][INFO] - Requesting initial parameters from one random client
[2025-01-06 15:20:03,576][flwr][INFO] - Received initial parameters from one random client
[2025-01-06 15:20:03,585][flwr][INFO] - Starting evaluation of initial global parameters
[2025-01-06 15:20:13,066][flwr][INFO] - initial parameters (loss, other metrics): 1152.0984959602356, {'accuracy': 0.10443333333333334}
[2025-01-06 15:20:13,067][flwr][INFO] - 
[2025-01-06 15:20:13,067][flwr][INFO] - [ROUND 1]
[2025-01-06 15:20:13,069][flwr][INFO] - Sampling failed: number of available clients (3) is less than number of requested clients (10).
[2025-01-06 15:20:13,069][flwr][INFO] - configure_fit: no clients selected, cancel
[2025-01-06 15:20:22,152][flwr][INFO] - fit progress: (1, 1152.0984959602356, {'accuracy': 0.10443333333333334}, 9.084991500000001)
[2025-01-06 15:20:22,153][flwr][INFO] - Sampling failed: number of available clients (3) is less than number of requested clients (25).
[2025-01-06 15:20:22,153][flwr][INFO] - configure_evaluate: no clients selected, skipping evaluation
[2025-01-06 15:20:22,154][flwr][INFO] - 
[2025-01-06 15:20:22,154][flwr][INFO] - [ROUND 2]
[2025-01-06 15:20:22,155][flwr][INFO] - Sampling failed: number of available clients (3) is less than number of requested clients (10).
[2025-01-06 15:20:22,155][flwr][INFO] - configure_fit: no clients selected, cancel
[2025-01-06 15:20:31,364][flwr][INFO] - fit progress: (2, 1152.0984959602356, {'accuracy': 0.10443333333333334}, 18.296341499999997)
[2025-01-06 15:20:31,365][flwr][INFO] - Sampling failed: number of available clients (3) is less than number of requested clients (25).
[2025-01-06 15:20:31,365][flwr][INFO] - configure_evaluate: no clients selected, skipping evaluation
[2025-01-06 15:20:31,366][flwr][INFO] - 
[2025-01-06 15:20:31,367][flwr][INFO] - [ROUND 3]
[2025-01-06 15:20:31,367][flwr][INFO] - Sampling failed: number of available clients (3) is less than number of requested clients (10).
[2025-01-06 15:20:31,368][flwr][INFO] - configure_fit: no clients selected, cancel
[2025-01-06 15:20:42,382][flwr][INFO] - fit progress: (3, 1152.0984959602356, {'accuracy': 0.10443333333333334}, 29.3145319)
[2025-01-06 15:20:42,383][flwr][INFO] - Sampling failed: number of available clients (3) is less than number of requested clients (25).
[2025-01-06 15:20:42,383][flwr][INFO] - configure_evaluate: no clients selected, skipping evaluation
[2025-01-06 15:20:42,384][flwr][INFO] - 
[2025-01-06 15:20:42,384][flwr][INFO] - [ROUND 4]
[2025-01-06 15:20:42,384][flwr][INFO] - Sampling failed: number of available clients (3) is less than number of requested clients (10).
[2025-01-06 15:20:42,385][flwr][INFO] - configure_fit: no clients selected, cancel
[2025-01-06 15:20:52,745][flwr][INFO] - fit progress: (4, 1152.0984959602356, {'accuracy': 0.10443333333333334}, 39.677041300000006)
[2025-01-06 15:20:52,746][flwr][INFO] - Sampling failed: number of available clients (3) is less than number of requested clients (25).
[2025-01-06 15:20:52,746][flwr][INFO] - configure_evaluate: no clients selected, skipping evaluation
[2025-01-06 15:20:52,746][flwr][INFO] - 
[2025-01-06 15:20:52,747][flwr][INFO] - [ROUND 5]
[2025-01-06 15:20:52,747][flwr][INFO] - Sampling failed: number of available clients (3) is less than number of requested clients (10).
[2025-01-06 15:20:52,747][flwr][INFO] - configure_fit: no clients selected, cancel
[2025-01-06 15:21:03,419][flwr][INFO] - fit progress: (5, 1152.0984959602356, {'accuracy': 0.10443333333333334}, 50.35171690000001)
[2025-01-06 15:21:03,420][flwr][INFO] - Sampling failed: number of available clients (3) is less than number of requested clients (25).
[2025-01-06 15:21:03,420][flwr][INFO] - configure_evaluate: no clients selected, skipping evaluation
[2025-01-06 15:21:03,421][flwr][INFO] - 
[2025-01-06 15:21:03,422][flwr][INFO] - [SUMMARY]
[2025-01-06 15:21:03,423][flwr][INFO] - Run finished 5 round(s) in 50.35s
[2025-01-06 15:21:03,424][flwr][INFO] - 	History (loss, centralized):
[2025-01-06 15:21:03,424][flwr][INFO] - 		round 0: 1152.0984959602356
[2025-01-06 15:21:03,425][flwr][INFO] - 		round 1: 1152.0984959602356
[2025-01-06 15:21:03,425][flwr][INFO] - 		round 2: 1152.0984959602356
[2025-01-06 15:21:03,425][flwr][INFO] - 		round 3: 1152.0984959602356
[2025-01-06 15:21:03,425][flwr][INFO] - 		round 4: 1152.0984959602356
[2025-01-06 15:21:03,426][flwr][INFO] - 		round 5: 1152.0984959602356
[2025-01-06 15:21:03,426][flwr][INFO] - 	History (metrics, centralized):
[2025-01-06 15:21:03,426][flwr][INFO] - 	{'accuracy': [(0, 0.10443333333333334),
[2025-01-06 15:21:03,426][flwr][INFO] - 	              (1, 0.10443333333333334),
[2025-01-06 15:21:03,427][flwr][INFO] - 	              (2, 0.10443333333333334),
[2025-01-06 15:21:03,427][flwr][INFO] - 	              (3, 0.10443333333333334),
[2025-01-06 15:21:03,427][flwr][INFO] - 	              (4, 0.10443333333333334),
[2025-01-06 15:21:03,427][flwr][INFO] - 	              (5, 0.10443333333333334)]}
[2025-01-06 15:21:03,428][flwr][INFO] - 
