[2025-01-06 15:19:19,767][flwr][WARNING] - 
Setting `min_available_clients` lower than `min_fit_clients` or
`min_evaluate_clients` can cause the server to fail when there are too few clients
connected to the server. `min_available_clients` must be set to a value larger
than or equal to the values of `min_fit_clients` and `min_evaluate_clients`.

[2025-01-06 15:19:19,769][flwr][WARNING] - DEPRECATED FEATURE: flwr.simulation.start_simulation() is deprecated.
	Instead, use the `flwr run` CLI command to start a local simulation in your Flower app, as shown for example below:

		$ flwr new  # Create a new Flower app from a template

		$ flwr run  # Run the Flower app in Simulation Mode

	Using `start_simulation()` is deprecated.

            This is a deprecated feature. It will be removed
            entirely in future versions of Flower.
        
[2025-01-06 15:19:19,772][flwr][INFO] - Starting Flower simulation, config: num_rounds=4, no round_timeout
[2025-01-06 15:19:23,832][flwr][INFO] - Flower VCE: Ray initialized with resources: {'node:__internal_head__': 1.0, 'memory': 430045595.0, 'CPU': 12.0, 'object_store_memory': 215022796.0, 'GPU': 1.0, 'node:127.0.0.1': 1.0, 'accelerator_type:G': 1.0}
[2025-01-06 15:19:23,833][flwr][INFO] - Optimize your simulation with Flower VCE: https://flower.ai/docs/framework/how-to-run-simulations.html
[2025-01-06 15:19:23,834][flwr][INFO] - No `client_resources` specified. Using minimal resources for clients.
[2025-01-06 15:19:23,834][flwr][INFO] - Flower VCE: Resources for each Virtual Client: {'num_cpus': 1, 'num_gpus': 0.0}
[2025-01-06 15:19:23,851][flwr][INFO] - Flower VCE: Creating VirtualClientEngineActorPool with 12 actors
[2025-01-06 15:19:23,852][flwr][INFO] - [INIT]
[2025-01-06 15:19:23,852][flwr][INFO] - Requesting initial parameters from one random client
[2025-01-06 15:19:34,013][flwr][INFO] - Received initial parameters from one random client
[2025-01-06 15:19:34,014][flwr][INFO] - Starting evaluation of initial global parameters
[2025-01-06 15:19:43,712][flwr][INFO] - initial parameters (loss, other metrics): 1151.2915923595428, {'accuracy': 0.10018333333333333}
[2025-01-06 15:19:43,714][flwr][INFO] - 
[2025-01-06 15:19:43,715][flwr][INFO] - [ROUND 1]
[2025-01-06 15:19:43,730][flwr][INFO] - Sampling failed: number of available clients (3) is less than number of requested clients (10).
[2025-01-06 15:19:43,731][flwr][INFO] - configure_fit: no clients selected, cancel
[2025-01-06 15:19:59,872][flwr][INFO] - fit progress: (1, 1151.2915923595428, {'accuracy': 0.10018333333333333}, 16.157227499999998)
[2025-01-06 15:19:59,873][flwr][INFO] - Sampling failed: number of available clients (3) is less than number of requested clients (25).
[2025-01-06 15:19:59,874][flwr][INFO] - configure_evaluate: no clients selected, skipping evaluation
[2025-01-06 15:19:59,875][flwr][INFO] - 
[2025-01-06 15:19:59,875][flwr][INFO] - [ROUND 2]
[2025-01-06 15:19:59,875][flwr][INFO] - Sampling failed: number of available clients (3) is less than number of requested clients (10).
[2025-01-06 15:19:59,876][flwr][INFO] - configure_fit: no clients selected, cancel
[2025-01-06 15:20:09,256][flwr][INFO] - fit progress: (2, 1151.2915923595428, {'accuracy': 0.10018333333333333}, 25.542529299999998)
[2025-01-06 15:20:09,257][flwr][INFO] - Sampling failed: number of available clients (3) is less than number of requested clients (25).
[2025-01-06 15:20:09,257][flwr][INFO] - configure_evaluate: no clients selected, skipping evaluation
[2025-01-06 15:20:09,258][flwr][INFO] - 
[2025-01-06 15:20:09,259][flwr][INFO] - [ROUND 3]
[2025-01-06 15:20:09,259][flwr][INFO] - Sampling failed: number of available clients (3) is less than number of requested clients (10).
[2025-01-06 15:20:09,260][flwr][INFO] - configure_fit: no clients selected, cancel
[2025-01-06 15:20:18,419][flwr][INFO] - fit progress: (3, 1151.2915923595428, {'accuracy': 0.10018333333333333}, 34.7043488)
[2025-01-06 15:20:18,419][flwr][INFO] - Sampling failed: number of available clients (3) is less than number of requested clients (25).
[2025-01-06 15:20:18,420][flwr][INFO] - configure_evaluate: no clients selected, skipping evaluation
[2025-01-06 15:20:18,420][flwr][INFO] - 
[2025-01-06 15:20:18,421][flwr][INFO] - [ROUND 4]
[2025-01-06 15:20:18,421][flwr][INFO] - Sampling failed: number of available clients (3) is less than number of requested clients (10).
[2025-01-06 15:20:18,421][flwr][INFO] - configure_fit: no clients selected, cancel
[2025-01-06 15:20:27,568][flwr][INFO] - fit progress: (4, 1151.2915923595428, {'accuracy': 0.10018333333333333}, 43.853680000000004)
[2025-01-06 15:20:27,569][flwr][INFO] - Sampling failed: number of available clients (3) is less than number of requested clients (25).
[2025-01-06 15:20:27,570][flwr][INFO] - configure_evaluate: no clients selected, skipping evaluation
[2025-01-06 15:20:27,571][flwr][INFO] - 
[2025-01-06 15:20:27,572][flwr][INFO] - [SUMMARY]
[2025-01-06 15:20:27,572][flwr][INFO] - Run finished 4 round(s) in 43.86s
[2025-01-06 15:20:27,577][flwr][INFO] - 	History (loss, centralized):
[2025-01-06 15:20:27,578][flwr][INFO] - 		round 0: 1151.2915923595428
[2025-01-06 15:20:27,578][flwr][INFO] - 		round 1: 1151.2915923595428
[2025-01-06 15:20:27,579][flwr][INFO] - 		round 2: 1151.2915923595428
[2025-01-06 15:20:27,579][flwr][INFO] - 		round 3: 1151.2915923595428
[2025-01-06 15:20:27,579][flwr][INFO] - 		round 4: 1151.2915923595428
[2025-01-06 15:20:27,579][flwr][INFO] - 	History (metrics, centralized):
[2025-01-06 15:20:27,581][flwr][INFO] - 	{'accuracy': [(0, 0.10018333333333333),
[2025-01-06 15:20:27,581][flwr][INFO] - 	              (1, 0.10018333333333333),
[2025-01-06 15:20:27,581][flwr][INFO] - 	              (2, 0.10018333333333333),
[2025-01-06 15:20:27,581][flwr][INFO] - 	              (3, 0.10018333333333333),
[2025-01-06 15:20:27,582][flwr][INFO] - 	              (4, 0.10018333333333333)]}
[2025-01-06 15:20:27,582][flwr][INFO] - 
