[2025-01-04 16:50:37,925][flwr][WARNING] - DEPRECATED FEATURE: flwr.simulation.start_simulation() is deprecated.
	Instead, use the `flwr run` CLI command to start a local simulation in your Flower app, as shown for example below:

		$ flwr new  # Create a new Flower app from a template

		$ flwr run  # Run the Flower app in Simulation Mode

	Using `start_simulation()` is deprecated.

            This is a deprecated feature. It will be removed
            entirely in future versions of Flower.
        
[2025-01-04 16:50:37,933][flwr][INFO] - Starting Flower simulation, config: num_rounds=5, no round_timeout
[2025-01-04 16:50:45,649][flwr][INFO] - Flower VCE: Ray initialized with resources: {'object_store_memory': 159128371.0, 'memory': 318256743.0, 'GPU': 1.0, 'CPU': 12.0, 'accelerator_type:G': 1.0, 'node:127.0.0.1': 1.0, 'node:__internal_head__': 1.0}
[2025-01-04 16:50:45,651][flwr][INFO] - Optimize your simulation with Flower VCE: https://flower.ai/docs/framework/how-to-run-simulations.html
[2025-01-04 16:50:45,651][flwr][INFO] - No `client_resources` specified. Using minimal resources for clients.
[2025-01-04 16:50:45,652][flwr][INFO] - Flower VCE: Resources for each Virtual Client: {'num_cpus': 1, 'num_gpus': 0.0}
[2025-01-04 16:50:45,680][flwr][INFO] - Flower VCE: Creating VirtualClientEngineActorPool with 12 actors
[2025-01-04 16:50:45,682][flwr][INFO] - [INIT]
[2025-01-04 16:50:45,683][flwr][INFO] - Requesting initial parameters from one random client
[2025-01-04 16:51:03,804][flwr][INFO] - Received initial parameters from one random client
[2025-01-04 16:51:03,809][flwr][INFO] - Starting evaluation of initial global parameters
[2025-01-04 16:51:31,493][flwr][INFO] - initial parameters (loss, other metrics): 1152.212848186493, {'accuracy': 0.08665}
[2025-01-04 16:51:31,530][flwr][INFO] - 
[2025-01-04 16:51:31,531][flwr][INFO] - [ROUND 1]
[2025-01-04 16:51:31,571][flwr][INFO] - configure_fit: strategy sampled 10 clients (out of 100)
