[2025-02-04 16:38:04,167][flwr][WARNING] - 
Setting `min_available_clients` lower than `min_fit_clients` or
`min_evaluate_clients` can cause the server to fail when there are too few clients
connected to the server. `min_available_clients` must be set to a value larger
than or equal to the values of `min_fit_clients` and `min_evaluate_clients`.

[2025-02-04 16:38:04,168][flwr][WARNING] - DEPRECATED FEATURE: flwr.simulation.start_simulation() is deprecated.
	Instead, use the `flwr run` CLI command to start a local simulation in your Flower app, as shown for example below:

		$ flwr new  # Create a new Flower app from a template

		$ flwr run  # Run the Flower app in Simulation Mode

	Using `start_simulation()` is deprecated.

            This is a deprecated feature. It will be removed
            entirely in future versions of Flower.
        
[2025-02-04 16:38:04,171][flwr][INFO] - Starting Flower simulation, config: num_rounds=5, no round_timeout
[2025-02-04 16:38:09,546][flwr][INFO] - Flower VCE: Ray initialized with resources: {'node:127.0.0.1': 1.0, 'memory': 849159783.0, 'node:__internal_head__': 1.0, 'GPU': 1.0, 'object_store_memory': 424579891.0, 'accelerator_type:G': 1.0, 'CPU': 12.0}
[2025-02-04 16:38:09,547][flwr][INFO] - Optimize your simulation with Flower VCE: https://flower.ai/docs/framework/how-to-run-simulations.html
[2025-02-04 16:38:09,547][flwr][INFO] - Flower VCE: Resources for each Virtual Client: {'num_cpus': 2, 'num_gpus': 0.1}
[2025-02-04 16:38:09,560][flwr][INFO] - Flower VCE: Creating VirtualClientEngineActorPool with 6 actors
[2025-02-04 16:38:09,561][flwr][INFO] - [INIT]
[2025-02-04 16:38:09,561][flwr][INFO] - Requesting initial parameters from one random client
[2025-02-04 16:38:17,178][flwr][INFO] - Received initial parameters from one random client
[2025-02-04 16:38:17,181][flwr][INFO] - Starting evaluation of initial global parameters
[2025-02-04 16:38:17,730][flwr][INFO] - initial parameters (loss, other metrics): 1.3749922513961792, {'accuracy': 0.5384615384615384}
[2025-02-04 16:38:17,733][flwr][INFO] - 
[2025-02-04 16:38:17,733][flwr][INFO] - [ROUND 1]
[2025-02-04 16:38:17,740][flwr][INFO] - Sampling failed: number of available clients (5) is less than number of requested clients (10).
[2025-02-04 16:38:17,741][flwr][INFO] - configure_fit: no clients selected, cancel
[2025-02-04 16:38:17,746][flwr][INFO] - fit progress: (1, 1.3749922513961792, {'accuracy': 0.5384615384615384}, 0.012511099999997555)
[2025-02-04 16:38:17,747][flwr][INFO] - Sampling failed: number of available clients (5) is less than number of requested clients (25).
[2025-02-04 16:38:17,747][flwr][INFO] - configure_evaluate: no clients selected, skipping evaluation
[2025-02-04 16:38:17,747][flwr][INFO] - 
[2025-02-04 16:38:17,748][flwr][INFO] - [ROUND 2]
[2025-02-04 16:38:17,748][flwr][INFO] - Sampling failed: number of available clients (5) is less than number of requested clients (10).
[2025-02-04 16:38:17,748][flwr][INFO] - configure_fit: no clients selected, cancel
[2025-02-04 16:38:17,754][flwr][INFO] - fit progress: (2, 1.3749922513961792, {'accuracy': 0.5384615384615384}, 0.020682000000000755)
[2025-02-04 16:38:17,754][flwr][INFO] - Sampling failed: number of available clients (5) is less than number of requested clients (25).
[2025-02-04 16:38:17,754][flwr][INFO] - configure_evaluate: no clients selected, skipping evaluation
[2025-02-04 16:38:17,754][flwr][INFO] - 
[2025-02-04 16:38:17,756][flwr][INFO] - [ROUND 3]
[2025-02-04 16:38:17,756][flwr][INFO] - Sampling failed: number of available clients (5) is less than number of requested clients (10).
[2025-02-04 16:38:17,756][flwr][INFO] - configure_fit: no clients selected, cancel
[2025-02-04 16:38:17,761][flwr][INFO] - fit progress: (3, 1.3749922513961792, {'accuracy': 0.5384615384615384}, 0.027643599999997548)
[2025-02-04 16:38:17,762][flwr][INFO] - Sampling failed: number of available clients (5) is less than number of requested clients (25).
[2025-02-04 16:38:17,762][flwr][INFO] - configure_evaluate: no clients selected, skipping evaluation
[2025-02-04 16:38:17,763][flwr][INFO] - 
[2025-02-04 16:38:17,763][flwr][INFO] - [ROUND 4]
[2025-02-04 16:38:17,763][flwr][INFO] - Sampling failed: number of available clients (5) is less than number of requested clients (10).
[2025-02-04 16:38:17,764][flwr][INFO] - configure_fit: no clients selected, cancel
[2025-02-04 16:38:17,770][flwr][INFO] - fit progress: (4, 1.3749922513961792, {'accuracy': 0.5384615384615384}, 0.03684200000000004)
[2025-02-04 16:38:17,771][flwr][INFO] - Sampling failed: number of available clients (5) is less than number of requested clients (25).
[2025-02-04 16:38:17,771][flwr][INFO] - configure_evaluate: no clients selected, skipping evaluation
[2025-02-04 16:38:17,772][flwr][INFO] - 
[2025-02-04 16:38:17,772][flwr][INFO] - [ROUND 5]
[2025-02-04 16:38:17,772][flwr][INFO] - Sampling failed: number of available clients (5) is less than number of requested clients (10).
[2025-02-04 16:38:17,772][flwr][INFO] - configure_fit: no clients selected, cancel
[2025-02-04 16:38:17,778][flwr][INFO] - fit progress: (5, 1.3749922513961792, {'accuracy': 0.5384615384615384}, 0.04440119999999936)
[2025-02-04 16:38:17,779][flwr][INFO] - Sampling failed: number of available clients (5) is less than number of requested clients (25).
[2025-02-04 16:38:17,779][flwr][INFO] - configure_evaluate: no clients selected, skipping evaluation
[2025-02-04 16:38:17,780][flwr][INFO] - 
[2025-02-04 16:38:17,780][flwr][INFO] - [SUMMARY]
[2025-02-04 16:38:17,781][flwr][INFO] - Run finished 5 round(s) in 0.05s
[2025-02-04 16:38:17,786][flwr][INFO] - 	History (loss, centralized):
[2025-02-04 16:38:17,787][flwr][INFO] - 		round 0: 1.3749922513961792
[2025-02-04 16:38:17,787][flwr][INFO] - 		round 1: 1.3749922513961792
[2025-02-04 16:38:17,787][flwr][INFO] - 		round 2: 1.3749922513961792
[2025-02-04 16:38:17,788][flwr][INFO] - 		round 3: 1.3749922513961792
[2025-02-04 16:38:17,788][flwr][INFO] - 		round 4: 1.3749922513961792
[2025-02-04 16:38:17,788][flwr][INFO] - 		round 5: 1.3749922513961792
[2025-02-04 16:38:17,788][flwr][INFO] - 	History (metrics, centralized):
[2025-02-04 16:38:17,789][flwr][INFO] - 	{'accuracy': [(0, 0.5384615384615384),
[2025-02-04 16:38:17,789][flwr][INFO] - 	              (1, 0.5384615384615384),
[2025-02-04 16:38:17,789][flwr][INFO] - 	              (2, 0.5384615384615384),
[2025-02-04 16:38:17,789][flwr][INFO] - 	              (3, 0.5384615384615384),
[2025-02-04 16:38:17,790][flwr][INFO] - 	              (4, 0.5384615384615384),
[2025-02-04 16:38:17,790][flwr][INFO] - 	              (5, 0.5384615384615384)]}
[2025-02-04 16:38:17,790][flwr][INFO] - 
