[2025-01-24 15:09:08,324][flwr][WARNING] - DEPRECATED FEATURE: flwr.simulation.start_simulation() is deprecated.
	Instead, use the `flwr run` CLI command to start a local simulation in your Flower app, as shown for example below:

		$ flwr new  # Create a new Flower app from a template

		$ flwr run  # Run the Flower app in Simulation Mode

	Using `start_simulation()` is deprecated.

            This is a deprecated feature. It will be removed
            entirely in future versions of Flower.
        
[2025-01-24 15:09:08,325][flwr][INFO] - Starting Flower simulation, config: num_rounds=10, no round_timeout
[2025-01-24 15:09:11,546][flwr][INFO] - Flower VCE: Ray initialized with resources: {'node:__internal_head__': 1.0, 'node:10.40.177.142': 1.0, 'CPU': 16.0, 'memory': 18406772736.0, 'accelerator_type:M4000': 1.0, 'object_store_memory': 9203386368.0, 'GPU': 1.0}
[2025-01-24 15:09:11,546][flwr][INFO] - Optimize your simulation with Flower VCE: https://flower.ai/docs/framework/how-to-run-simulations.html
[2025-01-24 15:09:11,547][flwr][INFO] - Flower VCE: Resources for each Virtual Client: {'num_cpus': 2, 'num_gpus': 0.5}
[2025-01-24 15:09:11,563][flwr][INFO] - Flower VCE: Creating VirtualClientEngineActorPool with 2 actors
[2025-01-24 15:09:11,565][flwr][INFO] - [INIT]
[2025-01-24 15:09:11,565][flwr][INFO] - Requesting initial parameters from one random client
[2025-01-24 15:09:18,631][flwr][INFO] - Received initial parameters from one random client
[2025-01-24 15:09:18,631][flwr][INFO] - Starting evaluation of initial global parameters
[2025-01-24 15:09:34,839][flwr][INFO] - initial parameters (loss, other metrics): 1151.8535380363464, {'accuracy': 0.0987}
[2025-01-24 15:09:34,839][flwr][INFO] - 
[2025-01-24 15:09:34,839][flwr][INFO] - [ROUND 1]
[2025-01-24 15:09:34,840][flwr][INFO] - configure_fit: strategy sampled 10 clients (out of 100)
[2025-01-24 15:09:39,874][flwr][INFO] - aggregate_fit: received 10 results and 0 failures
[2025-01-24 15:09:39,887][flwr][WARNING] - No fit_metrics_aggregation_fn provided
[2025-01-24 15:09:55,753][flwr][INFO] - fit progress: (1, 1101.875973701477, {'accuracy': 0.37648333333333334}, 20.913580689000014)
[2025-01-24 15:09:55,753][flwr][INFO] - configure_evaluate: strategy sampled 25 clients (out of 100)
[2025-01-24 15:09:59,728][flwr][INFO] - aggregate_evaluate: received 25 results and 0 failures
[2025-01-24 15:09:59,729][flwr][WARNING] - No evaluate_metrics_aggregation_fn provided
[2025-01-24 15:09:59,729][flwr][INFO] - 
[2025-01-24 15:09:59,729][flwr][INFO] - [ROUND 2]
[2025-01-24 15:09:59,730][flwr][INFO] - configure_fit: strategy sampled 10 clients (out of 100)
[2025-01-24 15:10:02,044][flwr][INFO] - aggregate_fit: received 10 results and 0 failures
[2025-01-24 15:10:18,143][flwr][INFO] - fit progress: (2, 628.2899285554886, {'accuracy': 0.6562666666666667}, 43.30401272000006)
[2025-01-24 15:10:18,143][flwr][INFO] - configure_evaluate: strategy sampled 25 clients (out of 100)
[2025-01-24 15:10:22,017][flwr][INFO] - aggregate_evaluate: received 25 results and 0 failures
[2025-01-24 15:10:22,017][flwr][INFO] - 
[2025-01-24 15:10:22,017][flwr][INFO] - [ROUND 3]
[2025-01-24 15:10:22,017][flwr][INFO] - configure_fit: strategy sampled 10 clients (out of 100)
[2025-01-24 15:10:24,333][flwr][INFO] - aggregate_fit: received 10 results and 0 failures
[2025-01-24 15:10:40,270][flwr][INFO] - fit progress: (3, 310.9622315466404, {'accuracy': 0.8131666666666667}, 65.43086877899998)
[2025-01-24 15:10:40,270][flwr][INFO] - configure_evaluate: strategy sampled 25 clients (out of 100)
[2025-01-24 15:10:44,146][flwr][INFO] - aggregate_evaluate: received 25 results and 0 failures
[2025-01-24 15:10:44,147][flwr][INFO] - 
[2025-01-24 15:10:44,147][flwr][INFO] - [ROUND 4]
[2025-01-24 15:10:44,147][flwr][INFO] - configure_fit: strategy sampled 10 clients (out of 100)
[2025-01-24 15:10:46,426][flwr][INFO] - aggregate_fit: received 10 results and 0 failures
[2025-01-24 15:11:02,083][flwr][INFO] - fit progress: (4, 233.7434297055006, {'accuracy': 0.8717833333333334}, 87.243523676)
[2025-01-24 15:11:02,083][flwr][INFO] - configure_evaluate: strategy sampled 25 clients (out of 100)
[2025-01-24 15:11:05,961][flwr][INFO] - aggregate_evaluate: received 25 results and 0 failures
[2025-01-24 15:11:05,962][flwr][INFO] - 
[2025-01-24 15:11:05,962][flwr][INFO] - [ROUND 5]
[2025-01-24 15:11:05,962][flwr][INFO] - configure_fit: strategy sampled 10 clients (out of 100)
[2025-01-24 15:11:08,291][flwr][INFO] - aggregate_fit: received 10 results and 0 failures
[2025-01-24 15:11:24,290][flwr][INFO] - fit progress: (5, 171.5909982547164, {'accuracy': 0.9071333333333333}, 109.45082199500007)
[2025-01-24 15:11:24,290][flwr][INFO] - configure_evaluate: strategy sampled 25 clients (out of 100)
[2025-01-24 15:11:28,133][flwr][INFO] - aggregate_evaluate: received 25 results and 0 failures
[2025-01-24 15:11:28,134][flwr][INFO] - 
[2025-01-24 15:11:28,134][flwr][INFO] - [ROUND 6]
[2025-01-24 15:11:28,134][flwr][INFO] - configure_fit: strategy sampled 10 clients (out of 100)
[2025-01-24 15:11:30,431][flwr][INFO] - aggregate_fit: received 10 results and 0 failures
[2025-01-24 15:11:46,213][flwr][INFO] - fit progress: (6, 139.99798616021872, {'accuracy': 0.9186833333333333}, 131.37399390200005)
[2025-01-24 15:11:46,213][flwr][INFO] - configure_evaluate: strategy sampled 25 clients (out of 100)
[2025-01-24 15:11:50,123][flwr][INFO] - aggregate_evaluate: received 25 results and 0 failures
[2025-01-24 15:11:50,124][flwr][INFO] - 
[2025-01-24 15:11:50,124][flwr][INFO] - [ROUND 7]
[2025-01-24 15:11:50,124][flwr][INFO] - configure_fit: strategy sampled 10 clients (out of 100)
[2025-01-24 15:11:52,407][flwr][INFO] - aggregate_fit: received 10 results and 0 failures
[2025-01-24 15:12:08,162][flwr][INFO] - fit progress: (7, 114.48276419192553, {'accuracy': 0.9302833333333334}, 153.322623357)
[2025-01-24 15:12:08,162][flwr][INFO] - configure_evaluate: strategy sampled 25 clients (out of 100)
[2025-01-24 15:12:11,957][flwr][INFO] - aggregate_evaluate: received 25 results and 0 failures
[2025-01-24 15:12:11,958][flwr][INFO] - 
[2025-01-24 15:12:11,958][flwr][INFO] - [ROUND 8]
[2025-01-24 15:12:11,958][flwr][INFO] - configure_fit: strategy sampled 10 clients (out of 100)
[2025-01-24 15:12:14,239][flwr][INFO] - aggregate_fit: received 10 results and 0 failures
[2025-01-24 15:12:29,839][flwr][INFO] - fit progress: (8, 107.36196359805763, {'accuracy': 0.9347166666666666}, 174.99950852100005)
[2025-01-24 15:12:29,839][flwr][INFO] - configure_evaluate: strategy sampled 25 clients (out of 100)
[2025-01-24 15:12:33,679][flwr][INFO] - aggregate_evaluate: received 25 results and 0 failures
[2025-01-24 15:12:33,679][flwr][INFO] - 
[2025-01-24 15:12:33,679][flwr][INFO] - [ROUND 9]
[2025-01-24 15:12:33,680][flwr][INFO] - configure_fit: strategy sampled 10 clients (out of 100)
[2025-01-24 15:12:36,519][flwr][INFO] - aggregate_fit: received 10 results and 0 failures
[2025-01-24 15:12:52,211][flwr][INFO] - fit progress: (9, 94.57435975782573, {'accuracy': 0.942}, 197.37230076100002)
[2025-01-24 15:12:52,212][flwr][INFO] - configure_evaluate: strategy sampled 25 clients (out of 100)
[2025-01-24 15:12:56,063][flwr][INFO] - aggregate_evaluate: received 25 results and 0 failures
[2025-01-24 15:12:56,063][flwr][INFO] - 
[2025-01-24 15:12:56,063][flwr][INFO] - [ROUND 10]
[2025-01-24 15:12:56,064][flwr][INFO] - configure_fit: strategy sampled 10 clients (out of 100)
[2025-01-24 15:12:58,671][flwr][INFO] - aggregate_fit: received 10 results and 0 failures
[2025-01-24 15:13:14,424][flwr][INFO] - fit progress: (10, 85.77629394829273, {'accuracy': 0.9475666666666667}, 219.58461554000007)
[2025-01-24 15:13:14,424][flwr][INFO] - configure_evaluate: strategy sampled 25 clients (out of 100)
[2025-01-24 15:13:18,249][flwr][INFO] - aggregate_evaluate: received 25 results and 0 failures
[2025-01-24 15:13:18,250][flwr][INFO] - 
[2025-01-24 15:13:18,250][flwr][INFO] - [SUMMARY]
[2025-01-24 15:13:18,250][flwr][INFO] - Run finished 10 round(s) in 223.41s
[2025-01-24 15:13:18,251][flwr][INFO] - 	History (loss, distributed):
[2025-01-24 15:13:18,251][flwr][INFO] - 		round 1: 6.611276473999023
[2025-01-24 15:13:18,251][flwr][INFO] - 		round 2: 3.7793136072158813
[2025-01-24 15:13:18,251][flwr][INFO] - 		round 3: 1.9325859487056731
[2025-01-24 15:13:18,251][flwr][INFO] - 		round 4: 1.4505577546358108
[2025-01-24 15:13:18,251][flwr][INFO] - 		round 5: 1.0924117696285247
[2025-01-24 15:13:18,251][flwr][INFO] - 		round 6: 0.9068306761980057
[2025-01-24 15:13:18,252][flwr][INFO] - 		round 7: 0.6193859343230724
[2025-01-24 15:13:18,252][flwr][INFO] - 		round 8: 0.6283182003349066
[2025-01-24 15:13:18,252][flwr][INFO] - 		round 9: 0.670251265540719
[2025-01-24 15:13:18,252][flwr][INFO] - 		round 10: 0.5541503770649433
[2025-01-24 15:13:18,252][flwr][INFO] - 	History (loss, centralized):
[2025-01-24 15:13:18,252][flwr][INFO] - 		round 0: 1151.8535380363464
[2025-01-24 15:13:18,252][flwr][INFO] - 		round 1: 1101.875973701477
[2025-01-24 15:13:18,252][flwr][INFO] - 		round 2: 628.2899285554886
[2025-01-24 15:13:18,252][flwr][INFO] - 		round 3: 310.9622315466404
[2025-01-24 15:13:18,253][flwr][INFO] - 		round 4: 233.7434297055006
[2025-01-24 15:13:18,253][flwr][INFO] - 		round 5: 171.5909982547164
[2025-01-24 15:13:18,253][flwr][INFO] - 		round 6: 139.99798616021872
[2025-01-24 15:13:18,253][flwr][INFO] - 		round 7: 114.48276419192553
[2025-01-24 15:13:18,253][flwr][INFO] - 		round 8: 107.36196359805763
[2025-01-24 15:13:18,253][flwr][INFO] - 		round 9: 94.57435975782573
[2025-01-24 15:13:18,253][flwr][INFO] - 		round 10: 85.77629394829273
[2025-01-24 15:13:18,253][flwr][INFO] - 	History (metrics, centralized):
[2025-01-24 15:13:18,253][flwr][INFO] - 	{'accuracy': [(0, 0.0987),
[2025-01-24 15:13:18,253][flwr][INFO] - 	              (1, 0.37648333333333334),
[2025-01-24 15:13:18,254][flwr][INFO] - 	              (2, 0.6562666666666667),
[2025-01-24 15:13:18,254][flwr][INFO] - 	              (3, 0.8131666666666667),
[2025-01-24 15:13:18,254][flwr][INFO] - 	              (4, 0.8717833333333334),
[2025-01-24 15:13:18,254][flwr][INFO] - 	              (5, 0.9071333333333333),
[2025-01-24 15:13:18,254][flwr][INFO] - 	              (6, 0.9186833333333333),
[2025-01-24 15:13:18,254][flwr][INFO] - 	              (7, 0.9302833333333334),
[2025-01-24 15:13:18,254][flwr][INFO] - 	              (8, 0.9347166666666666),
[2025-01-24 15:13:18,254][flwr][INFO] - 	              (9, 0.942),
[2025-01-24 15:13:18,254][flwr][INFO] - 	              (10, 0.9475666666666667)]}
[2025-01-24 15:13:18,255][flwr][INFO] - 
